Arguments: 
  /usr/local/Cellar/node/9.9.0/bin/node /usr/local/bin/yarn start

PATH: 
  /Users/mac/.rbenv/shims:/Users/mac/.rbenv/shims:/usr/local/opt/icu4c/sbin:/usr/local/opt/icu4c/bin:/usr/local/bin:/usr/bin:/bin:/usr/sbin:/sbin:/Users/mac/Library/Android/sdk//tools:/Users/mac/Library/Android/sdk//platform-tools:/usr/local/Cellar/graphicsmagick/1.3.30/bin:/opt/metasploit-framework/bin:/opt/metasploit-framework/bin

Yarn version: 
  1.5.1

Node version: 
  9.9.0

Platform: 
  darwin x64

npm manifest: 
  {
  	"name": "test",
  	"version": "1.0.0",
  	"main": "main.js",
  	"description": "Web Programming Test",
  	"license": "MIT",
  	"dependencies": {
  		"@babel/cli": "^7.1.2",
  		"@babel/core": "^7.1.2",
  		"@babel/plugin-proposal-class-properties": "^7.1.0",
  		"@babel/plugin-proposal-object-rest-spread": "^7.0.0",
  		"@babel/plugin-syntax-dynamic-import": "^7.0.0",
  		"@babel/plugin-transform-arrow-functions": "^7.0.0",
  		"@babel/plugin-transform-regenerator": "^7.0.0",
  		"@babel/plugin-transform-runtime": "^7.1.0",
  		"@babel/polyfill": "^7.0.0",
  		"@babel/preset-env": "^7.1.0",
  		"@babel/preset-react": "^7.0.0",
  		"@babel/register": "^7.0.0",
  		"@babel/runtime": "^7.1.2",
  		"accepts": "^1.3.5",
  		"axios": "^0.18.0",
  		"babel-loader": "^8.0.4",
  		"babel-plugin-universal-import": "^3.1.2",
  		"babel-polyfill": "^6.26.0",
  		"bootstrap": "^4.3.1",
  		"brotli-webpack-plugin": "^1.0.0",
  		"classnames": "^2.2.6",
  		"compression-webpack-plugin": "^2.0.0",
  		"cookie-parser": "^1.4.3",
  		"css-loader": "^1.0.0",
  		"css-modules": "^0.3.0",
  		"express": "^4.16.4",
  		"express-static-gzip": "^1.1.3",
  		"extract-css-chunks-webpack-plugin": "^3.2.0",
  		"extract-loader": "^3.0.0",
  		"file-loader": "^2.0.0",
  		"import": "0.0.6",
  		"less": "^3.9.0",
  		"less-loader": "^4.1.0",
  		"markdown-with-front-matter-loader": "^0.1.0",
  		"moment": "^2.10.6",
  		"nodemon": "^1.18.4",
  		"normalize.css": "^8.0.0",
  		"optimize-css-assets-webpack-plugin": "^5.0.1",
  		"postcss-calc": "^7.0.0",
  		"postcss-flexbugs-fixes": "^4.1.0",
  		"postcss-for": "^2.1.1",
  		"postcss-import": "^12.0.0",
  		"postcss-loader": "^3.0.0",
  		"postcss-mixins": "^6.2.0",
  		"postcss-preset-env": "^6.1.1",
  		"react": "^16.5.2",
  		"react-alert": "^5.5.0",
  		"react-alert-template-basic": "^1.0.0",
  		"react-autocomplete": "^1.8.1",
  		"react-content-loader": "^4.0.1",
  		"react-datepicker": "^2.0.0",
  		"react-dimensions": "^1.3.1",
  		"react-dom": "^16.5.2",
  		"react-helmet": "^5.2.0",
  		"react-hot-loader": "^4.3.11",
  		"react-html-parser": "^2.0.2",
  		"react-redux": "^5.0.7",
  		"react-router": "^4.3.1",
  		"react-router-dom": "^4.3.1",
  		"react-s-alert": "^1.4.1",
  		"react-star-rating-component": "^1.4.1",
  		"react-universal-component": "^2.0.9",
  		"reactstrap": "^7.0.2",
  		"redux": "^4.0.1",
  		"redux-form": "^7.4.2",
  		"redux-thunk": "^2.3.0",
  		"style-loader": "^0.23.1",
  		"uglifyjs-webpack-plugin": "^2.0.1",
  		"universal-cookie": "^3.0.7",
  		"url-loader": "^1.1.2",
  		"webpack": "^4.21.0",
  		"webpack-bundle-analyzer": "^3.0.3",
  		"webpack-cli": "^3.1.2",
  		"webpack-dev-middleware": "3.4.0",
  		"webpack-flush-chunks": "^2.0.3",
  		"webpack-hot-middleware": "2.24.3",
  		"webpack-hot-server-middleware": "^0.5.0",
  		"webpack-node-externals": "^1.7.2"
  	},
  	"peerDependencies": {
  		"moment": "^2.18.1"
  	},
  	"scripts": {
  		"prod": "NODE_ENV=production node --no-warnings src/server/main.js",
  		"dev": "NODE_ENV=development nodemon --watch src/server --watch config --inspect src/server/main.js",
  		"cypress:open": "cypress open"
  	}
  }

yarn manifest: 
  No manifest

Lockfile: 
  No lockfile

Trace: 
  Error: Command "start" not found.
      at new MessageError (/usr/local/lib/node_modules/yarn/lib/cli.js:186:110)
      at /usr/local/lib/node_modules/yarn/lib/cli.js:87307:17
      at Generator.next (<anonymous>)
      at step (/usr/local/lib/node_modules/yarn/lib/cli.js:98:30)
      at /usr/local/lib/node_modules/yarn/lib/cli.js:116:14
      at new Promise (<anonymous>)
      at new F (/usr/local/lib/node_modules/yarn/lib/cli.js:23451:28)
      at /usr/local/lib/node_modules/yarn/lib/cli.js:95:12
      at runCommand (/usr/local/lib/node_modules/yarn/lib/cli.js:87312:22)
      at Object.<anonymous> (/usr/local/lib/node_modules/yarn/lib/cli.js:87412:14)
